GET /api/v1/posts/update-post-form/65a949fd477848f8543c43b4- 2024-01-19T05:58:45.575Z 
POST /api/v1/comments/65a949fd477848f8543c43b4/65aa0a6f564b0a4313da3bef?_method=DELETE- 2024-01-19T06:00:51.225Z 
GET /api/v1/users/profile-page- 2024-01-19T06:00:56.447Z 
GET /api/v1/posts/65a949fd477848f8543c43b4- 2024-01-19T06:01:06.427Z 
GET /api/v1/posts/update-post-form/65a949fd477848f8543c43b4- 2024-01-19T06:01:12.495Z 
GET /api/v1/posts/65a949fd477848f8543c43b4- 2024-01-19T06:01:56.293Z 
GET /api/v1/posts/update-post-form/65a949fd477848f8543c43b4- 2024-01-19T06:02:01.178Z 
GET /api/v1/posts/update-post-form/65a949fd477848f8543c43b4- 2024-01-19T06:02:42.818Z 
POST /api/v1/posts/65a949fd477848f8543c43b4?_method=PUT- 2024-01-19T06:02:47.335Z 
POST /api/v1/posts/65a949fd477848f8543c43b4?_method=PUT- 2024-01-19T06:03:31.309Z 
POST /api/v1/posts/65a949fd477848f8543c43b4?_method=PUT- 2024-01-19T06:04:07.445Z 
POST /api/v1/posts/65a949fd477848f8543c43b4?_method=PUT- 2024-01-19T06:05:51.572Z 
POST /api/v1/posts/65a949fd477848f8543c43b4?_method=PUT- 2024-01-19T06:06:55.722Z 
POST /api/v1/posts/65a949fd477848f8543c43b4?_method=PUT- 2024-01-19T06:07:22.438Z 
POST /api/v1/posts/65a949fd477848f8543c43b4?_method=PUT- 2024-01-19T06:07:28.865Z 
POST /api/v1/posts/65a949fd477848f8543c43b4?_method=PUT- 2024-01-19T06:07:50.898Z 
POST /api/v1/posts/65a949fd477848f8543c43b4?_method=PUT- 2024-01-19T06:08:22.412Z 
POST /api/v1/posts/65a949fd477848f8543c43b4?_method=PUT- 2024-01-19T06:08:54.169Z 
POST /api/v1/posts/65a949fd477848f8543c43b4?_method=PUT- 2024-01-19T06:10:05.339Z 
POST /api/v1/users/register/- 2024-01-19T06:13:48.135Z 
POST /api/v1/users/register/- 2024-01-19T06:14:10.276Z 
GET /api/v1/users/profile-page- 2024-01-19T06:14:15.549Z 
GET /api/v1/posts/65a949fd477848f8543c43b4- 2024-01-19T06:14:18.644Z 
GET /api/v1/posts/update-post-form/65a949fd477848f8543c43b4- 2024-01-19T06:14:20.631Z 
POST /api/v1/posts/65a949fd477848f8543c43b4_method=PUT- 2024-01-19T06:14:39.141Z 
GET /api/v1/posts/update-post-form/65a949fd477848f8543c43b4- 2024-01-19T06:15:15.716Z 
POST /api/v1/posts/65a949fd477848f8543c43b4?_method=PUT- 2024-01-19T06:15:39.986Z 
POST /api/v1/posts/65a949fd477848f8543c43b4?_method=PUT- 2024-01-19T06:16:00.147Z 
GET /api/v1/users/profile-page- 2024-01-19T06:17:21.364Z 
GET /api/v1/posts/65a949fd477848f8543c43b4- 2024-01-19T06:17:25.322Z 
GET /api/v1/posts/update-post-form/65a949fd477848f8543c43b4- 2024-01-19T06:17:28.567Z 
POST /api/v1/posts/65a949fd477848f8543c43b4?_method=PUT- 2024-01-19T06:17:47.948Z 
POST /api/v1/posts/65a949fd477848f8543c43b4?_method=PUT- 2024-01-19T06:19:58.170Z 
POST /api/v1/posts/65a949fd477848f8543c43b4?_method=PUT- 2024-01-19T06:21:06.615Z 
POST /api/v1/posts/65a949fd477848f8543c43b4?_method=PUT- 2024-01-19T06:22:07.306Z 
POST /api/v1/posts/65a949fd477848f8543c43b4?_method=PUT- 2024-01-19T06:22:12.211Z 
POST /api/v1/posts/65a949fd477848f8543c43b4?_method=PUT- 2024-01-19T06:22:31.996Z 
GET /api/v1/posts/addPost-page- 2024-01-19T06:23:14.889Z 
GET /api/v1/posts/addPost-page- 2024-01-19T06:23:22.416Z 
GET /api/v1/users/profile-page- 2024-01-19T06:23:30.979Z 
GET /api/v1/posts/addPost-page- 2024-01-19T06:23:32.376Z 
POST /api/v1/posts/- 2024-01-19T06:23:56.395Z 
GET /api/v1/users/profile-page- 2024-01-19T06:24:00.997Z 
GET /api/v1/posts/65aa157df243f7769067b92d- 2024-01-19T06:24:04.745Z 
GET /api/v1/posts/update-post-form/65aa157df243f7769067b92d- 2024-01-19T06:24:47.443Z 
POST /api/v1/posts/65aa157df243f7769067b92d?_method=PUT- 2024-01-19T06:24:51.818Z 
POST /api/v1/posts/65aa157df243f7769067b92d?_method=PUT- 2024-01-19T06:25:09.922Z 
POST /api/v1/posts/65aa157df243f7769067b92d?_method=PUT- 2024-01-19T06:25:15.153Z 
POST /api/v1/posts/65aa157df243f7769067b92d?_method=PUT- 2024-01-19T06:25:20.214Z 
POST /api/v1/posts/65aa157df243f7769067b92d?_method=PUT- 2024-01-19T06:25:48.900Z 
POST /api/v1/posts/65aa157df243f7769067b92d?_method=PUT- 2024-01-19T06:25:52.367Z 
POST /api/v1/posts/65aa157df243f7769067b92d?_method=PUT- 2024-01-19T06:25:56.634Z 
POST /api/v1/posts/65aa157df243f7769067b92d?_method=PUT- 2024-01-19T06:26:00.787Z 
POST /api/v1/posts/65aa157df243f7769067b92d?_method=PUT- 2024-01-19T06:26:25.478Z 
POST /api/v1/posts/65aa157df243f7769067b92d?_method=PUT- 2024-01-19T06:26:34.613Z 
POST /api/v1/posts/65aa157df243f7769067b92d?_method=PUT- 2024-01-19T06:26:48.063Z 
POST /api/v1/posts/65aa157df243f7769067b92d?_method=PUT- 2024-01-19T06:27:14.808Z 
POST /api/v1/posts/65aa157df243f7769067b92d?_method=PUT- 2024-01-19T06:27:23.173Z 
POST /api/v1/posts/65aa157df243f7769067b92d?_method=PUT- 2024-01-19T06:27:31.385Z 
POST /api/v1/posts/65aa157df243f7769067b92d?_method=PUT- 2024-01-19T06:28:14.050Z 
POST /api/v1/posts/65aa157df243f7769067b92d?_method=PUT- 2024-01-19T06:28:20.374Z 
POST /api/v1/posts/65aa157df243f7769067b92d?_method=PUT- 2024-01-19T06:28:56.007Z 
POST /api/v1/posts/65aa157df243f7769067b92d?_method=PUT- 2024-01-19T06:29:12.805Z 
GET /api/v1/users/profile-page- 2024-01-19T06:29:15.678Z 
GET /api/v1/posts/65aa157df243f7769067b92d- 2024-01-19T06:29:19.007Z 
GET /api/v1/posts/update-post-form/65aa157df243f7769067b92d- 2024-01-19T06:29:21.870Z 
POST /api/v1/posts/65aa157df243f7769067b92d?_method=PUT- 2024-01-19T06:29:44.646Z 
GET /- 2024-01-19T06:29:46.139Z 
GET /- 2024-01-19T06:29:58.172Z 
GET /- 2024-01-19T06:29:59.799Z 
GET /- 2024-01-19T06:30:00.000Z 
GET /- 2024-01-19T06:30:00.215Z 
GET /- 2024-01-19T06:30:02.638Z 
GET /api/v1/users/profile-page- 2024-01-19T06:30:08.242Z 
GET /api/v1/posts/65aa157df243f7769067b92d- 2024-01-19T06:30:12.898Z 
GET /api/v1/posts/update-post-form/65aa157df243f7769067b92d- 2024-01-19T06:30:15.575Z 
POST /api/v1/posts/65aa157df243f7769067b92d?_method=PUT- 2024-01-19T06:30:32.094Z 
GET /- 2024-01-19T06:30:34.262Z 
GET /api/v1/posts/65aa157df243f7769067b92d- 2024-01-19T06:30:39.801Z 
GET /api/v1/users/profile-page- 2024-01-19T06:31:24.027Z 
GET /api/v1/users/profile-page- 2024-01-19T06:31:25.815Z 
GET /api/v1/users/profile-page- 2024-01-19T06:31:26.477Z 
GET /api/v1/users/profile-page- 2024-01-19T06:31:26.651Z 
GET /api/v1/users/profile-page- 2024-01-19T06:31:26.865Z 
GET /api/v1/posts/65aa157df243f7769067b92d- 2024-01-19T06:34:10.607Z 
GET /api/v1/posts/update-post-form/65aa157df243f7769067b92d- 2024-01-19T06:34:14.162Z 
POST /api/v1/posts/65aa157df243f7769067b92d?_method=PUT- 2024-01-19T06:34:39.312Z 
GET /- 2024-01-19T06:34:43.135Z 
GET /- 2024-01-19T06:50:58.250Z 
GET /images/circle-menu-3.gif- 2024-01-19T06:50:58.347Z 
GET /- 2024-01-19T06:51:08.697Z 
GET /- 2024-01-19T06:51:09.272Z 
GET /- 2024-01-19T06:51:09.487Z 
GET /- 2024-01-19T06:51:43.776Z 
GET /images/circle-menu-3.gif- 2024-01-19T06:51:43.974Z 
GET /- 2024-01-19T06:51:44.657Z 
GET /- 2024-01-19T06:51:44.872Z 
GET /- 2024-01-19T06:52:03.039Z 
GET /images/circle-menu-3.gif- 2024-01-19T06:52:03.149Z 
GET /- 2024-01-19T06:52:03.821Z 
GET /- 2024-01-19T06:52:04.037Z 
GET /- 2024-01-19T06:52:51.121Z 
GET /images/circle-menu-3.gif- 2024-01-19T06:52:51.219Z 
GET /- 2024-01-19T06:53:16.068Z 
GET /images/circle-menu-3.gif- 2024-01-19T06:53:16.193Z 
GET /- 2024-01-19T06:53:16.799Z 
GET /- 2024-01-19T06:53:17.012Z 
GET /- 2024-01-19T06:53:49.411Z 
GET /images/circle-menu-3.gif- 2024-01-19T06:53:49.512Z 
GET /- 2024-01-19T06:53:50.284Z 
GET /- 2024-01-19T06:53:50.483Z 
GET /- 2024-01-19T06:53:50.696Z 
GET /- 2024-01-19T06:54:01.042Z 
GET /- 2024-01-19T06:54:01.217Z 
GET /- 2024-01-19T06:54:01.433Z 
GET /- 2024-01-19T06:55:40.522Z 
GET /images/circle-menu-3.gif- 2024-01-19T06:55:40.699Z 
GET /- 2024-01-19T06:55:45.766Z 
GET /- 2024-01-19T06:55:45.969Z 
GET /- 2024-01-19T06:55:46.180Z 
GET /- 2024-01-19T06:55:59.384Z 
GET /css/images/circle-menu-3.gif- 2024-01-19T06:55:59.486Z 
GET /- 2024-01-19T06:56:14.850Z 
GET /css/images/loader.gif- 2024-01-19T06:56:14.948Z 
GET /- 2024-01-19T06:56:15.601Z 
GET /- 2024-01-19T06:56:15.793Z 
GET /- 2024-01-19T06:56:15.979Z 
GET /- 2024-01-19T06:56:16.192Z 
GET /- 2024-01-19T06:56:28.476Z 
GET /- 2024-01-19T06:58:40.399Z 
GET /- 2024-01-19T06:59:06.757Z 
GET /- 2024-01-19T06:59:16.634Z 
GET /- 2024-01-19T07:02:15.217Z 
GET /- 2024-01-19T07:02:17.981Z 
GET /- 2024-01-19T07:02:18.984Z 
GET /- 2024-01-19T07:02:20.014Z 
GET /- 2024-01-19T07:02:20.908Z 
GET /- 2024-01-19T07:02:21.714Z 
GET /- 2024-01-19T07:02:22.532Z 
GET /- 2024-01-19T07:02:23.250Z 
GET /- 2024-01-19T07:02:23.762Z 
GET /- 2024-01-19T07:02:23.967Z 
GET /- 2024-01-19T07:02:24.169Z 
GET /- 2024-01-19T07:02:24.381Z 
GET /- 2024-01-19T07:02:24.584Z 
GET /- 2024-01-19T07:02:24.787Z 
GET /- 2024-01-19T07:02:24.996Z 
GET /- 2024-01-19T07:02:25.199Z 
GET /- 2024-01-19T07:02:25.409Z 
GET /- 2024-01-19T07:02:25.608Z 
GET /- 2024-01-19T07:02:25.815Z 
GET /- 2024-01-19T07:02:26.017Z 
GET /- 2024-01-19T07:02:26.215Z 
GET /- 2024-01-19T07:02:26.432Z 
GET /- 2024-01-19T07:02:26.616Z 
GET /- 2024-01-19T07:02:26.821Z 
GET /- 2024-01-19T07:02:27.031Z 
GET /- 2024-01-19T07:02:27.229Z 
GET /- 2024-01-19T07:02:27.443Z 
GET /api/v1/users/profile-page- 2024-01-19T07:02:28.785Z 
GET /- 2024-01-19T07:02:30.141Z 
GET /api/v1/users/profile-page- 2024-01-19T07:02:31.515Z 
GET /- 2024-01-19T07:02:32.477Z 
GET /api/v1/users/profile-page- 2024-01-19T07:02:33.370Z 
GET /api/v1/posts/addPost-page- 2024-01-19T07:02:36.804Z 
POST /api/v1/posts/- 2024-01-19T07:02:53.827Z 
GET /- 2024-01-19T07:02:59.288Z 
GET /- 2024-01-19T07:03:02.190Z 
GET /- 2024-01-19T07:03:03.049Z 
GET /- 2024-01-19T07:03:03.715Z 
GET /api/v1/users/profile-page- 2024-01-19T07:03:04.694Z 
GET /- 2024-01-19T07:03:06.131Z 
GET /api/v1/users/profile-page- 2024-01-19T07:03:07.235Z 
GET /- 2024-01-19T07:03:08.408Z 
GET /api/v1/users/profile-page- 2024-01-19T07:03:09.770Z 
GET /- 2024-01-19T07:03:10.869Z 
GET /api/v1/users/profile-page- 2024-01-19T07:03:11.765Z 
GET /- 2024-01-19T07:03:13.629Z 
GET /- 2024-01-19T07:05:15.215Z 
GET /- 2024-01-19T07:05:16.219Z 
GET /- 2024-01-19T07:05:17.004Z 
GET /- 2024-01-19T07:05:17.733Z 
GET /- 2024-01-19T07:05:18.356Z 
GET /- 2024-01-19T07:05:18.752Z 
GET /- 2024-01-19T07:05:19.133Z 
GET /- 2024-01-19T07:05:19.532Z 
GET /- 2024-01-19T07:05:19.933Z 
GET /- 2024-01-19T07:05:20.327Z 
GET /- 2024-01-19T07:05:20.688Z 
GET /- 2024-01-19T07:05:21.080Z 
GET /- 2024-01-19T07:05:21.463Z 
GET /- 2024-01-19T07:05:21.863Z 
GET /- 2024-01-19T07:05:22.711Z 
GET /api/v1/users/profile-page- 2024-01-19T07:05:23.576Z 
GET /- 2024-01-19T07:05:24.757Z 
GET /api/v1/users/profile-page- 2024-01-19T07:05:26.058Z 
GET /api/v1/posts/addPost-page- 2024-01-19T07:05:27.102Z 
GET /api/v1/users/profile-page- 2024-01-19T07:05:28.555Z 
GET /- 2024-01-19T07:05:29.433Z 
GET /api/v1/users/profile-page- 2024-01-19T07:05:30.249Z 
GET /- 2024-01-19T07:05:31.013Z 
GET /api/v1/users/profile-page- 2024-01-19T07:05:31.770Z 
GET /- 2024-01-19T07:06:38.162Z 
GET /- 2024-01-19T07:06:42.033Z 
GET /- 2024-01-19T07:06:42.224Z 
GET /- 2024-01-19T07:06:42.425Z 
GET /- 2024-01-19T07:06:42.637Z 
GET /api/v1/posts/65aa1ea0e597cf3901b590ea- 2024-01-19T07:06:53.460Z 
GET /- 2024-01-19T07:07:01.919Z 
GET /- 2024-01-19T07:07:05.136Z 
GET /- 2024-01-19T07:07:05.976Z 
GET /- 2024-01-19T07:07:06.696Z 
GET /- 2024-01-19T07:07:07.261Z 
GET /- 2024-01-19T07:07:07.696Z 
GET /- 2024-01-19T07:07:08.085Z 
GET /- 2024-01-19T07:07:09.225Z 
GET /api/v1/users/profile-page- 2024-01-19T07:07:10.445Z 
GET /- 2024-01-19T07:07:11.688Z 
GET /api/v1/users/profile-page- 2024-01-19T07:07:12.666Z 
GET /- 2024-01-19T07:07:14.764Z 
GET /- 2024-01-19T07:07:36.645Z 
GET /- 2024-01-19T07:07:37.504Z 
GET /- 2024-01-19T07:07:38.218Z 
GET /- 2024-01-19T07:07:38.840Z 
GET /- 2024-01-19T07:07:39.063Z 
GET /- 2024-01-19T07:07:39.277Z 
GET /- 2024-01-19T07:07:39.476Z 
GET /- 2024-01-19T07:07:39.689Z 
GET /- 2024-01-19T07:07:40.455Z 
GET /- 2024-01-19T07:07:41.019Z 
GET /- 2024-01-19T07:07:41.390Z 
GET /- 2024-01-19T07:07:41.764Z 
GET /- 2024-01-19T07:07:42.184Z 
GET /- 2024-01-19T07:07:42.618Z 
GET /- 2024-01-19T07:07:43.054Z 
GET /- 2024-01-19T07:07:43.254Z 
GET /- 2024-01-19T07:07:43.440Z 
GET /- 2024-01-19T07:07:43.653Z 
GET /- 2024-01-19T07:07:45.272Z 
GET /- 2024-01-19T07:07:51.281Z 
GET /- 2024-01-19T07:07:52.076Z 
GET /api/v1/users/profile-page- 2024-01-19T07:07:53.339Z 
GET /- 2024-01-19T07:09:07.512Z 
GET /- 2024-01-19T07:09:09.297Z 
GET /- 2024-01-19T07:09:10.109Z 
GET /- 2024-01-19T07:09:10.874Z 
GET /- 2024-01-19T07:09:11.970Z 
GET /- 2024-01-19T07:09:12.783Z 
GET /- 2024-01-19T07:09:13.526Z 
GET /- 2024-01-19T07:09:14.163Z 
GET /- 2024-01-19T07:09:14.737Z 
GET /api/v1/users/profile-page- 2024-01-19T07:09:15.641Z 
GET /api/v1/posts/addPost-page- 2024-01-19T07:09:18.004Z 
GET /- 2024-01-19T07:09:20.999Z 
GET /api/v1/users/profile-page- 2024-01-19T07:09:21.846Z 
GET /api/v1/users/profile-page- 2024-01-19T07:13:33.309Z 
GET /- 2024-01-19T07:13:35.136Z 
GET /- 2024-01-19T07:13:36.982Z 
GET /- 2024-01-19T07:13:37.695Z 
GET /- 2024-01-19T07:13:38.169Z 
GET /- 2024-01-19T07:13:38.587Z 
GET /- 2024-01-19T07:13:39.008Z 
GET /api/v1/users/profile-page- 2024-01-19T07:13:39.707Z 
GET /- 2024-01-19T07:13:41.516Z 
GET /api/v1/users/profile-page- 2024-01-19T07:13:42.347Z 
GET /api/v1/posts/addPost-page- 2024-01-19T07:13:43.409Z 
GET /api/v1/posts/addPost-page- 2024-01-19T07:15:44.858Z 
GET /api/v1/posts/addPost-page- 2024-01-19T07:20:33.632Z 
GET /- 2024-01-19T07:20:36.445Z 
GET /api/v1/users/profile-page- 2024-01-19T07:20:37.952Z 
GET /api/v1/posts/addPost-page- 2024-01-19T07:20:39.867Z 
GET /api/v1/users/logout- 2024-01-19T07:20:41.374Z 
GET /api/v1/users/login-page- 2024-01-19T07:20:41.410Z 
GET /- 2024-01-19T07:20:44.879Z 
GET /api/v1/users/login-page- 2024-01-19T07:20:46.361Z 
GET /- 2024-01-19T07:20:50.954Z 
GET /api/v1/users/login-page- 2024-01-19T07:20:52.436Z 
GET /api/v1/users/register-page- 2024-01-19T07:20:53.982Z 
GET /- 2024-01-19T07:20:56.832Z 
GET /- 2024-01-19T07:20:58.642Z 
GET /api/v1/posts/65aa157df243f7769067b92d- 2024-01-19T07:21:02.144Z 
POST /api/v1/comments/65aa157df243f7769067b92d- 2024-01-19T07:21:08.719Z 
GET /- 2024-01-19T07:21:15.823Z 
GET /api/v1/users/login-page- 2024-01-19T07:21:21.310Z 
GET /api/v1/users/login-page- 2024-01-19T07:21:24.317Z 
GET /- 2024-01-19T07:21:25.808Z 
GET /api/v1/posts/65aa157df243f7769067b92d- 2024-01-19T07:21:30.152Z 
GET /api/v1/posts/65aa157df243f7769067b92d- 2024-01-19T07:24:16.206Z 
GET /api/v1/posts/65aa157df243f7769067b92d- 2024-01-19T07:24:26.576Z 
GET /api/v1/posts/65aa157df243f7769067b92d- 2024-01-19T07:24:27.438Z 
GET /api/v1/posts/65aa157df243f7769067b92d- 2024-01-19T07:24:27.630Z 
GET /api/v1/posts/65aa157df243f7769067b92d- 2024-01-19T07:24:27.841Z 
GET /api/v1/posts/65aa157df243f7769067b92d- 2024-01-19T07:25:24.264Z 
GET /- 2024-01-19T07:25:28.179Z 
GET /api/v1/posts/65aa157df243f7769067b92d- 2024-01-19T07:25:31.010Z 
GET /api/v1/posts/65a949fd477848f8543c43b4- 2024-01-19T07:25:36.030Z 
GET /api/v1/posts/65aa1ea0e597cf3901b590ea- 2024-01-19T07:25:49.497Z 
GET /api/v1/posts/65aa1ea0e597cf3901b590ea- 2024-01-19T07:25:57.583Z 
GET /api/v1/posts/65aa1ea0e597cf3901b590ea- 2024-01-19T07:25:58.560Z 
GET /api/v1/posts/65aa1ea0e597cf3901b590ea- 2024-01-19T07:25:59.135Z 
GET /- 2024-01-19T07:26:01.494Z 
GET /api/v1/users/login-page- 2024-01-19T07:26:02.926Z 
GET /api/v1/users/register-page- 2024-01-19T07:26:04.297Z 
GET /api/v1/users/login-page- 2024-01-19T07:26:05.711Z 
GET /- 2024-01-19T07:26:08.599Z 
GET /api/v1/users/login-page- 2024-01-19T07:26:09.908Z 
POST /api/v1/users/login- 2024-01-19T07:26:17.169Z 
GET /api/v1/users/profile-page- 2024-01-19T07:26:17.344Z 
GET /api/v1/posts/65aa157df243f7769067b92d- 2024-01-19T07:26:21.056Z 
POST /api/v1/comments/65aa157df243f7769067b92d- 2024-01-19T07:26:28.141Z 
GET /- 2024-01-19T07:26:33.353Z 
GET /api/v1/posts/65aa1ea0e597cf3901b590ea- 2024-01-19T07:26:36.477Z 
POST /api/v1/comments/65aa1ea0e597cf3901b590ea- 2024-01-19T07:26:42.219Z 
GET /- 2024-01-19T07:26:48.142Z 
GET /- 2024-01-19T13:18:36.400Z 
GET /api/v1/posts/65aa1ea0e597cf3901b590ea- 2024-01-19T13:19:15.282Z 
GET /api/v1/posts/65aa157df243f7769067b92d- 2024-01-19T13:19:22.071Z 
GET /api/v1/posts/65a949fd477848f8543c43b4- 2024-01-19T13:19:30.620Z 
GET /api/v1/posts/65a93ef0d62777c4d8bba7ad- 2024-01-19T13:19:36.904Z 
GET /- 2024-01-19T13:19:42.789Z 
GET /api/v1/users/profile-page- 2024-01-19T13:19:44.485Z 
GET /api/v1/users/profile-page- 2024-01-19T13:19:45.803Z 
GET /- 2024-01-19T13:19:47.010Z 
GET /api/v1/users/profile-page- 2024-01-19T13:19:48.470Z 
GET /- 2024-01-19T13:19:50.901Z 
GET /- 2024-01-19T13:19:51.967Z 
GET /- 2024-01-19T13:19:53.147Z 
GET /api/v1/posts/65a949fd477848f8543c43b4- 2024-01-19T13:23:21.439Z 
GET /- 2024-01-19T13:23:30.247Z 
GET /api/v1/users/profile-page- 2024-01-19T13:24:24.203Z 
GET /- 2024-01-19T13:24:25.822Z 
GET /- 2024-01-19T13:24:26.970Z 
GET /- 2024-01-19T13:24:27.963Z 
GET /api/v1/users/profile-page- 2024-01-19T13:24:29.046Z 
GET /- 2024-01-19T13:24:36.926Z 
GET /- 2024-01-19T13:24:39.431Z 
GET /- 2024-01-19T13:24:40.384Z 
GET /- 2024-01-19T13:24:40.885Z 
GET /- 2024-01-19T13:24:41.758Z 
GET /- 2024-01-19T13:24:42.318Z 
GET /api/v1/users/profile-page- 2024-01-19T13:24:43.351Z 
GET /- 2024-01-19T13:24:44.860Z 
GET /- 2024-01-19T13:24:53.909Z 
GET /- 2024-01-19T13:24:59.148Z 
GET /api/v1/users/profile-page- 2024-01-19T13:25:04.942Z 
GET /- 2024-01-19T13:25:09.544Z 
GET /api/v1/posts/65a93ef0d62777c4d8bba7ad- 2024-01-19T13:25:14.461Z 
GET /- 2024-01-19T13:25:23.462Z 
GET /api/v1/posts/65aa157df243f7769067b92d- 2024-01-19T13:40:21.417Z 
GET /api/v1/posts/65a949fd477848f8543c43b4- 2024-01-19T13:40:28.472Z 
GET /api/v1/posts/65aa1ea0e597cf3901b590ea- 2024-01-19T13:40:36.551Z 
GET /api/v1/posts/65a93ef0d62777c4d8bba7ad- 2024-01-19T13:40:41.782Z 
GET /- 2024-01-19T13:40:57.304Z 
GET /api/v1/users/profile-page- 2024-01-19T13:40:59.070Z 
GET /- 2024-01-19T13:41:00.293Z 
GET /- 2024-01-19T13:41:01.356Z 
GET /- 2024-01-19T13:41:02.292Z 
GET /api/v1/users/profile-page- 2024-01-19T13:41:03.783Z 
GET /api/v1/users/profile-page- 2024-01-19T13:41:04.691Z 
GET /api/v1/users/profile-page- 2024-01-19T13:41:05.522Z 
GET /api/v1/posts/addPost-page- 2024-01-19T13:41:07.069Z 
GET /- 2024-01-19T13:41:10.185Z 
